2026-02-03 19:45:49,679 - training - INFO - Starting training with config: {'model': {'vision_encoder': 'microsoft/BiomedCLIP-PubMedBERT_256-vit_base_patch16_224', 'text_encoder': 'microsoft/BiomedNLP-BiomedBERT-base-uncased-abstract-fulltext', 'type': 'generative', 'text_decoder': 'microsoft/BioGPT', 'freeze_vision': True, 'freeze_text': False, 'fusion_method': 'btia', 'use_answer_distillation': False, 'use_embedding_matching': False}, 'training': {'batch_size': 16, 'learning_rate': 2e-05, 'weight_decay': 0.01, 'epochs': 50, 'warmup_ratio': 0.1, 'fp16': True, 'gradient_accumulation_steps': 2, 'gradient_checkpointing': True, 'save_every_epoch': True, 'checkpoint_dir': 'checkpoints', 'resume_from': None, 'early_stopping_patience': 10, 'early_stopping_metric': 'val_accuracy'}, 'data': {'image_size': 224, 'max_question_length': 64, 'max_answer_length': 32, 'use_slake_augmentation': False, 'use_pathvqa_augmentation': True, 'train_split': 0.8, 'num_workers': 4, 'vqa_rad_dir': 'data/vqa_rad', 'slake_dir': 'data/slake', 'pathvqa_dir': 'data/pathvqa'}, 'logging': {'log_dir': 'logs', 'log_every_n_steps': 10, 'use_tensorboard': True}}
2026-02-03 19:45:49,685 - training - INFO - Creating data loaders...
2026-02-03 19:45:59,761 - training - INFO - Creating model...
2026-02-03 19:46:06,151 - training - INFO - Model parameters: {'total': 415770688, 'trainable': 392262656, 'frozen': 23508032}
2026-02-03 19:46:06,152 - training - INFO - Starting training...
2026-02-03 19:46:06,154 - training - INFO - 
==================================================
2026-02-03 19:46:06,155 - training - INFO - Epoch 1/50
2026-02-03 19:46:06,155 - training - INFO - ==================================================
2026-02-03 20:05:20,636 - training - INFO - Train - Loss: 5.3816, Acc: 0.0000
2026-02-03 20:05:51,058 - training - INFO - Val - Loss: 3.2768, Overall: 0.0000, Closed: 0.0000, Open: 0.0000
2026-02-03 20:05:55,240 - training - INFO - 
==================================================
2026-02-03 20:05:55,240 - training - INFO - Epoch 2/50
2026-02-03 20:05:55,240 - training - INFO - ==================================================
2026-02-03 20:15:20,678 - training - INFO - Train - Loss: 3.8480, Acc: 0.0000
2026-02-03 20:15:53,025 - training - INFO - Val - Loss: 2.8565, Overall: 0.0000, Closed: 0.0000, Open: 0.0000
2026-02-03 20:15:57,061 - training - INFO - 
==================================================
2026-02-03 20:15:57,062 - training - INFO - Epoch 3/50
2026-02-03 20:15:57,062 - training - INFO - ==================================================
