2026-01-28 23:38:34,405 - training - INFO - Starting training with config: {'model': {'vision_encoder': 'microsoft/BiomedCLIP-PubMedBERT_256-vit_base_patch16_224', 'text_encoder': 'microsoft/BiomedNLP-BiomedBERT-base-uncased-abstract-fulltext', 'hidden_dim': 768, 'num_heads': 8, 'num_attention_layers': 2, 'dropout': 0.3, 'top_k_answers': 5, 'fusion_method': 'btia', 'use_answer_distillation': True}, 'training': {'batch_size': 16, 'learning_rate': 2e-05, 'weight_decay': 0.01, 'epochs': 50, 'warmup_ratio': 0.1, 'fp16': True, 'gradient_accumulation_steps': 2, 'gradient_checkpointing': True, 'save_every_epoch': True, 'checkpoint_dir': 'checkpoints', 'resume_from': None, 'early_stopping_patience': 10, 'early_stopping_metric': 'val_accuracy'}, 'data': {'image_size': 224, 'max_question_length': 64, 'max_answer_length': 32, 'use_slake_augmentation': False, 'use_pathvqa_augmentation': True, 'train_split': 0.8, 'num_workers': 4, 'vqa_rad_dir': 'data/vqa_rad', 'slake_dir': 'data/slake', 'pathvqa_dir': 'data/pathvqa'}, 'logging': {'log_dir': 'logs', 'log_every_n_steps': 10, 'use_tensorboard': True}}
2026-01-28 23:38:34,410 - training - INFO - Creating data loaders...
2026-01-28 23:38:41,718 - training - INFO - Number of answers: 3704
2026-01-28 23:38:41,719 - training - INFO - Creating model...
2026-01-28 23:38:47,136 - training - INFO - Building answer embedding cache...
2026-01-28 23:38:52,376 - training - INFO - Model parameters: {'total': 255774065, 'trainable': 255774065, 'frozen': 0}
2026-01-28 23:38:52,378 - training - INFO - Starting training...
2026-01-28 23:38:52,379 - training - INFO - 
==================================================
2026-01-28 23:38:52,380 - training - INFO - Epoch 1/50
2026-01-28 23:38:52,381 - training - INFO - ==================================================
2026-01-28 23:45:05,306 - training - INFO - Train - Loss: 10.0814, Acc: 0.1901
2026-01-28 23:46:00,130 - training - INFO - Val - Loss: 9.2194, Overall: 0.2616, Closed: 0.4701, Open: 0.0000
2026-01-28 23:46:57,333 - training - INFO - New best model saved! Accuracy: 0.2616
2026-01-28 23:46:57,718 - training - INFO - 
==================================================
2026-01-28 23:46:57,719 - training - INFO - Epoch 2/50
2026-01-28 23:46:57,719 - training - INFO - ==================================================
2026-01-28 23:53:02,618 - training - INFO - Train - Loss: 9.3063, Acc: 0.2727
2026-01-28 23:53:38,598 - training - INFO - Val - Loss: 8.6256, Overall: 0.2616, Closed: 0.4701, Open: 0.0000
2026-01-28 23:53:46,390 - training - INFO - 
==================================================
2026-01-28 23:53:46,391 - training - INFO - Epoch 3/50
2026-01-28 23:53:46,391 - training - INFO - ==================================================
2026-01-28 23:57:48,973 - training - INFO - Train - Loss: 8.8193, Acc: 0.2726
2026-01-28 23:58:20,687 - training - INFO - Val - Loss: 8.2382, Overall: 0.2616, Closed: 0.4701, Open: 0.0000
2026-01-28 23:58:29,900 - training - INFO - 
==================================================
2026-01-28 23:58:29,901 - training - INFO - Epoch 4/50
2026-01-28 23:58:29,901 - training - INFO - ==================================================
