2026-02-03 15:12:44,338 - training - INFO - Starting training with config: {'model': {'vision_encoder': 'microsoft/BiomedCLIP-PubMedBERT_256-vit_base_patch16_224', 'text_encoder': 'microsoft/BiomedNLP-BiomedBERT-base-uncased-abstract-fulltext', 'hidden_dim': 768, 'num_heads': 8, 'num_attention_layers': 2, 'dropout': 0.3, 'top_k_answers': 5, 'fusion_method': 'btia', 'use_answer_distillation': True, 'use_embedding_matching': True}, 'training': {'batch_size': 16, 'learning_rate': 2e-05, 'weight_decay': 0.01, 'epochs': 50, 'warmup_ratio': 0.1, 'fp16': True, 'gradient_accumulation_steps': 2, 'gradient_checkpointing': True, 'save_every_epoch': True, 'checkpoint_dir': 'checkpoints', 'resume_from': None, 'early_stopping_patience': 10, 'early_stopping_metric': 'val_accuracy'}, 'data': {'image_size': 224, 'max_question_length': 64, 'max_answer_length': 32, 'use_slake_augmentation': False, 'use_pathvqa_augmentation': True, 'train_split': 0.8, 'num_workers': 4, 'vqa_rad_dir': 'data/vqa_rad', 'slake_dir': 'data/slake', 'pathvqa_dir': 'data/pathvqa'}, 'logging': {'log_dir': 'logs', 'log_every_n_steps': 10, 'use_tensorboard': True}}
2026-02-03 15:12:44,341 - training - INFO - Creating data loaders...
2026-02-03 15:12:49,779 - training - INFO - Number of answers: 3704
2026-02-03 15:12:49,779 - training - INFO - Creating model...
2026-02-03 15:12:54,328 - training - INFO - Building answer embedding cache...
2026-02-03 15:12:55,881 - training - INFO - Setting class weights for balanced training...
2026-02-03 15:12:55,882 - training - INFO - Class weights min: 0.0002, max: 1.1989
2026-02-03 15:12:55,883 - training - INFO - Model parameters: {'total': 256956786, 'trainable': 256956786, 'frozen': 0}
2026-02-03 15:12:55,884 - training - INFO - Starting training...
2026-02-03 15:12:55,884 - training - INFO - 
==================================================
2026-02-03 15:12:55,884 - training - INFO - Epoch 1/50
2026-02-03 15:12:55,885 - training - INFO - ==================================================
2026-02-03 15:16:26,358 - training - INFO - Train - Loss: 4.5548, Acc: 0.0283
2026-02-03 15:16:50,128 - training - INFO - Val - Loss: 4.7695, Overall: 0.1131, Closed: 0.2032, Open: 0.0000
2026-02-03 15:16:55,540 - training - INFO - New best model saved! Accuracy: 0.1131
2026-02-03 15:16:55,540 - training - INFO - 
==================================================
2026-02-03 15:16:55,541 - training - INFO - Epoch 2/50
2026-02-03 15:16:55,541 - training - INFO - ==================================================
2026-02-03 15:20:34,958 - training - INFO - Train - Loss: 4.3991, Acc: 0.1445
2026-02-03 15:20:55,710 - training - INFO - Val - Loss: 4.6672, Overall: 0.2616, Closed: 0.4701, Open: 0.0000
2026-02-03 15:21:00,921 - training - INFO - New best model saved! Accuracy: 0.2616
2026-02-03 15:21:00,921 - training - INFO - 
==================================================
2026-02-03 15:21:00,922 - training - INFO - Epoch 3/50
2026-02-03 15:21:00,922 - training - INFO - ==================================================
