2026-02-03 17:10:39,062 - training - INFO - Starting training with config: {'model': {'vision_encoder': 'microsoft/BiomedCLIP-PubMedBERT_256-vit_base_patch16_224', 'text_encoder': 'microsoft/BiomedNLP-BiomedBERT-base-uncased-abstract-fulltext', 'hidden_dim': 768, 'num_heads': 8, 'num_attention_layers': 2, 'dropout': 0.3, 'top_k_answers': 5, 'fusion_method': 'btia', 'use_answer_distillation': True, 'use_embedding_matching': True}, 'training': {'batch_size': 16, 'learning_rate': 2e-05, 'weight_decay': 0.01, 'epochs': 50, 'warmup_ratio': 0.1, 'fp16': True, 'gradient_accumulation_steps': 2, 'gradient_checkpointing': True, 'save_every_epoch': True, 'checkpoint_dir': 'checkpoints', 'resume_from': None, 'early_stopping_patience': 10, 'early_stopping_metric': 'val_accuracy'}, 'data': {'image_size': 224, 'max_question_length': 64, 'max_answer_length': 32, 'use_slake_augmentation': False, 'use_pathvqa_augmentation': True, 'train_split': 0.8, 'num_workers': 4, 'vqa_rad_dir': 'data/vqa_rad', 'slake_dir': 'data/slake', 'pathvqa_dir': 'data/pathvqa'}, 'logging': {'log_dir': 'logs', 'log_every_n_steps': 10, 'use_tensorboard': True}}
2026-02-03 17:10:39,065 - training - INFO - Creating data loaders...
2026-02-03 17:10:45,659 - training - INFO - Number of answers: 3704
2026-02-03 17:10:45,659 - training - INFO - Creating model...
2026-02-03 17:10:50,070 - training - INFO - Building answer embedding cache...
2026-02-03 17:10:51,702 - training - INFO - Setting class weights for balanced training...
2026-02-03 17:10:51,703 - training - INFO - Class weights min: 0.0001, max: 1.3121
2026-02-03 17:10:51,704 - training - INFO - Setting masking indices: yes=3700, no=2120
2026-02-03 17:10:51,705 - training - INFO - Model parameters: {'total': 256956786, 'trainable': 256956786, 'frozen': 0}
2026-02-03 17:10:51,707 - training - INFO - Starting training...
2026-02-03 17:10:51,707 - training - INFO - 
==================================================
2026-02-03 17:10:51,707 - training - INFO - Epoch 1/50
2026-02-03 17:10:51,707 - training - INFO - ==================================================
2026-02-03 17:18:22,984 - training - INFO - Train - Loss: 4.2484, Acc: 0.2614
2026-02-03 17:18:55,974 - training - INFO - Val - Loss: 4.5943, Overall: 0.2616, Closed: 0.4701, Open: 0.0000
2026-02-03 17:19:02,895 - training - INFO - New best model saved! Accuracy: 0.2616
2026-02-03 17:19:02,896 - training - INFO - 
==================================================
2026-02-03 17:19:02,897 - training - INFO - Epoch 2/50
2026-02-03 17:19:02,897 - training - INFO - ==================================================
